#
# There is insufficient memory for the Java Runtime Environment to continue.
# Native memory allocation (mmap) failed to map 130023424 bytes for G1 virtual space
# Possible reasons:
#   The system is out of physical RAM or swap space
#   The process is running with CompressedOops enabled, and the Java Heap may be blocking the growth of the native heap
# Possible solutions:
#   Reduce memory load on the system
#   Increase physical memory or swap space
#   Check if swap backing store is full
#   Decrease Java heap size (-Xmx/-Xms)
#   Decrease number of Java threads
#   Decrease Java thread stack sizes (-Xss)
#   Set larger code cache with -XX:ReservedCodeCacheSize=
#   JVM is running with Unscaled Compressed Oops mode in which the Java heap is
#     placed in the first 4GB address space. The Java Heap base address is the
#     maximum limit for the native heap growth. Please use -XX:HeapBaseMinAddress
#     to set the Java Heap base and to place the Java Heap above 4GB virtual address.
# This output file may be truncated or incomplete.
#
#  Out of Memory Error (os_windows.cpp:3528), pid=32076, tid=22752
#
# JRE version:  (20.0.2+9) (build )
# Java VM: Java HotSpot(TM) 64-Bit Server VM (20.0.2+9-78, mixed mode, sharing, tiered, compressed oops, compressed class ptrs, g1 gc, windows-amd64)
# No core dump will be written. Minidumps are not enabled by default on client versions of Windows
#

---------------  S U M M A R Y ------------

Command Line: -Dfile.encoding=UTF-8 --module-path=C:\Coding\NetBeansProjects\Assgn\Clinic_Management_System\build\classes Main.Main

Host: 12th Gen Intel(R) Core(TM) i5-12450H, 12 cores, 7G,  Windows 11 , 64 bit Build 26100 (10.0.26100.4768)
Time: Fri Aug 29 18:53:03 2025 Malay Peninsula Standard Time elapsed time: 2.040894 seconds (0d 0h 0m 2s)

---------------  T H R E A D  ---------------

Current thread (0x000001bbc86ccba0):  JavaThread "Unknown thread" [_thread_in_vm, id=22752, stack(0x0000000b80600000,0x0000000b80700000)]

Stack: [0x0000000b80600000,0x0000000b80700000]
Native frames: (J=compiled Java code, j=interpreted, Vv=VM code, C=native code)
V  [jvm.dll+0x6bc25a]
V  [jvm.dll+0x84971a]
V  [jvm.dll+0x84b315]
V  [jvm.dll+0x84ba13]
V  [jvm.dll+0x280e4f]
V  [jvm.dll+0x6b8fe9]
V  [jvm.dll+0x6adbca]
V  [jvm.dll+0x35b165]
V  [jvm.dll+0x363386]
V  [jvm.dll+0x3b400e]
V  [jvm.dll+0x3b4295]
V  [jvm.dll+0x32b86a]
V  [jvm.dll+0x32c68b]
V  [jvm.dll+0x8123df]
V  [jvm.dll+0x3c1261]
V  [jvm.dll+0x7fe103]
V  [jvm.dll+0x44ccaf]
V  [jvm.dll+0x44e621]
C  [jli.dll+0x5287]
C  [ucrtbase.dll+0x37b0]
C  [KERNEL32.DLL+0x2e8d7]
C  [ntdll.dll+0x3c34c]


---------------  P R O C E S S  ---------------

Threads class SMR info:
_java_thread_list=0x00007ff97cdbb118, length=0, elements={
}

Java Threads: ( => current thread )

Other Threads:
  0x000001bbc872a370 WorkerThread "GC Thread#0" [stack: 0x0000000b80700000,0x0000000b80800000] [id=17280]
  0x000001bbc873b5f0 ConcurrentGCThread "G1 Main Marker" [stack: 0x0000000b80800000,0x0000000b80900000] [id=12500]
  0x000001bbc873c7c0 WorkerThread "G1 Conc#0" [stack: 0x0000000b80900000,0x0000000b80a00000] [id=24160]

[error occurred during error reporting (printing all threads), id 0xc0000005, EXCEPTION_ACCESS_VIOLATION (0xc0000005) at pc=0x00007ff97c59eea7]
VM state: not at safepoint (not fully initialized)

VM Mutex/Monitor currently owned by a thread:  ([mutex/lock_event])
[0x000001bbc86c7af0] Heap_lock - owner thread: 0x000001bbc86ccba0

Heap address: 0x0000000085800000, size: 1960 MB, Compressed Oops mode: 32-bit

CDS archive(s) mapped at: [0x0000000000000000-0x0000000000000000-0x0000000000000000), size 0, SharedBaseAddress: 0x0000000800000000, ArchiveRelocationMode: 1.
Narrow klass base: 0x0000000000000000, Narrow klass shift: 0, Narrow klass range: 0x0

GC Precious Log:
 CardTable entry size: 512
 Card Set container configuration: InlinePtr #cards 5 size 8 Array Of Cards #cards 12 size 40 Howl #buckets 4 coarsen threshold 1843 Howl Bitmap #cards 512 size 80 coarsen threshold 460 Card regions per heap region 1 cards per card region 2048

Heap:
 garbage-first heap   total 0K, used 0K [0x0000000085800000, 0x0000000100000000)
  region size 1024K, 0 young (0K), 0 survivors (0K)

[error occurred during error reporting (printing heap information), id 0xc0000005, EXCEPTION_ACCESS_VIOLATION (0xc0000005) at pc=0x00007ff97c9747b9]
GC Heap History (0 events):
No events

Dll operation events (1 events):
Event: 0.011 Loaded shared library C:\Program Files\Java\jdk-20\bin\java.dll

Deoptimization events (0 events):
No events

Classes loaded (0 events):
No events

Classes unloaded (0 events):
No events

Classes redefined (0 events):
No events

Internal exceptions (0 events):
No events

VM Operations (0 events):
No events

Events (0 events):
No events


Dynamic libraries:
0x00007ff6009f0000 - 0x00007ff600a00000 	C:\Program Files\Java\jdk-20\bin\java.exe
0x00007ffa020c0000 - 0x00007ffa02327000 	C:\WINDOWS\SYSTEM32\ntdll.dll
0x00007ffa00380000 - 0x00007ffa00449000 	C:\WINDOWS\System32\KERNEL32.DLL
0x00007ff9ff7c0000 - 0x00007ff9ffbb0000 	C:\WINDOWS\System32\KERNELBASE.dll
0x00007ff9ffc70000 - 0x00007ff9ffdbb000 	C:\WINDOWS\System32\ucrtbase.dll
0x00007ff99ff60000 - 0x00007ff99ff79000 	C:\Program Files\Java\jdk-20\bin\jli.dll
0x00007ff9f75c0000 - 0x00007ff9f75db000 	C:\Program Files\Java\jdk-20\bin\VCRUNTIME140.dll
0x00007ffa00d90000 - 0x00007ffa00e44000 	C:\WINDOWS\System32\ADVAPI32.dll
0x00007ffa002d0000 - 0x00007ffa00379000 	C:\WINDOWS\System32\msvcrt.dll
0x00007ffa00ce0000 - 0x00007ffa00d86000 	C:\WINDOWS\System32\sechost.dll
0x00007ffa01f50000 - 0x00007ffa02068000 	C:\WINDOWS\System32\RPCRT4.dll
0x00007ffa006a0000 - 0x00007ffa00865000 	C:\WINDOWS\System32\USER32.dll
0x00007ff9ff4d0000 - 0x00007ff9ff4f7000 	C:\WINDOWS\System32\win32u.dll
0x00007ff9dbf90000 - 0x00007ff9dc22a000 	C:\WINDOWS\WinSxS\amd64_microsoft.windows.common-controls_6595b64144ccf1df_6.0.26100.4768_none_3e0c112ce331287c\COMCTL32.dll
0x00007ffa00e50000 - 0x00007ffa00e7b000 	C:\WINDOWS\System32\GDI32.dll
0x00007ff9ff500000 - 0x00007ff9ff638000 	C:\WINDOWS\System32\gdi32full.dll
0x00007ff9ffbc0000 - 0x00007ff9ffc63000 	C:\WINDOWS\System32\msvcp_win.dll
0x00007ff9f3fe0000 - 0x00007ff9f3feb000 	C:\WINDOWS\SYSTEM32\VERSION.dll
0x00007ffa00870000 - 0x00007ffa0089f000 	C:\WINDOWS\System32\IMM32.DLL
0x00007ff9f4a30000 - 0x00007ff9f4a3c000 	C:\Program Files\Java\jdk-20\bin\vcruntime140_1.dll
0x00007ff997570000 - 0x00007ff9975fe000 	C:\Program Files\Java\jdk-20\bin\msvcp140.dll
0x00007ff97c260000 - 0x00007ff97cef8000 	C:\Program Files\Java\jdk-20\bin\server\jvm.dll
0x00007ff9f3090000 - 0x00007ff9f30c5000 	C:\WINDOWS\SYSTEM32\WINMM.dll
0x00007ff9f76d0000 - 0x00007ff9f76da000 	C:\WINDOWS\SYSTEM32\WSOCK32.dll
0x00007ffa001e0000 - 0x00007ffa00254000 	C:\WINDOWS\System32\WS2_32.dll
0x00007ff9fdf70000 - 0x00007ff9fdf8b000 	C:\WINDOWS\SYSTEM32\kernel.appcore.dll
0x00007ff9f4a20000 - 0x00007ff9f4a2a000 	C:\Program Files\Java\jdk-20\bin\jimage.dll
0x00007ff9fca60000 - 0x00007ff9fcca1000 	C:\WINDOWS\SYSTEM32\DBGHELP.DLL
0x00007ff9ffe50000 - 0x00007ffa001d5000 	C:\WINDOWS\System32\combase.dll
0x00007ffa00f00000 - 0x00007ffa00fe0000 	C:\WINDOWS\System32\OLEAUT32.dll
0x00007ff9cbc40000 - 0x00007ff9cbc83000 	C:\WINDOWS\SYSTEM32\dbgcore.DLL
0x00007ff9ff2b0000 - 0x00007ff9ff349000 	C:\WINDOWS\System32\bcryptPrimitives.dll
0x00007ff9daca0000 - 0x00007ff9dacc6000 	C:\Program Files\Java\jdk-20\bin\java.dll

dbghelp: loaded successfully - version: 4.0.5 - missing functions: none
symbol engine: initialized successfully - sym options: 0x614 - pdb path: .;C:\Program Files\Java\jdk-20\bin;C:\WINDOWS\SYSTEM32;C:\WINDOWS\WinSxS\amd64_microsoft.windows.common-controls_6595b64144ccf1df_6.0.26100.4768_none_3e0c112ce331287c;C:\Program Files\Java\jdk-20\bin\server

VM Arguments:
jvm_args: -Dfile.encoding=UTF-8 --module-path=C:\Coding\NetBeansProjects\Assgn\Clinic_Management_System\build\classes 
java_command: Main.Main
java_class_path (initial): C:\Coding\NetBeansProjects\Assgn\Clinic_Management_System\build\classes
Launcher Type: SUN_STANDARD

[Global flags]
     intx CICompilerCount                          = 4                                         {product} {ergonomic}
     uint ConcGCThreads                            = 3                                         {product} {ergonomic}
     uint G1ConcRefinementThreads                  = 10                                        {product} {ergonomic}
   size_t G1HeapRegionSize                         = 1048576                                   {product} {ergonomic}
    uintx GCDrainStackTargetSize                   = 64                                        {product} {ergonomic}
   size_t InitialHeapSize                          = 130023424                                 {product} {ergonomic}
   size_t MarkStackSize                            = 4194304                                   {product} {ergonomic}
   size_t MaxHeapSize                              = 2055208960                                {product} {ergonomic}
   size_t MinHeapDeltaBytes                        = 1048576                                   {product} {ergonomic}
   size_t MinHeapSize                              = 8388608                                   {product} {ergonomic}
    uintx NonNMethodCodeHeapSize                   = 5839372                                {pd product} {ergonomic}
    uintx NonProfiledCodeHeapSize                  = 122909434                              {pd product} {ergonomic}
    uintx ProfiledCodeHeapSize                     = 122909434                              {pd product} {ergonomic}
    uintx ReservedCodeCacheSize                    = 251658240                              {pd product} {ergonomic}
     bool SegmentedCodeCache                       = true                                      {product} {ergonomic}
   size_t SoftMaxHeapSize                          = 2055208960                             {manageable} {ergonomic}
     bool UseCompressedClassPointers               = true                           {product lp64_product} {ergonomic}
     bool UseCompressedOops                        = true                           {product lp64_product} {ergonomic}
     bool UseG1GC                                  = true                                      {product} {ergonomic}
     bool UseLargePagesIndividualAllocation        = false                                  {pd product} {ergonomic}

Logging:
Log output configuration:
 #0: stdout all=warning uptime,level,tags foldmultilines=false
 #1: stderr all=off uptime,level,tags foldmultilines=false

Environment Variables:
PATH=C:\Program Files\Common Files\Oracle\Java\javapath;C:\windows\system32;C:\windows;C:\windows\System32\Wbem;C:\windows\System32\WindowsPowerShell\v1.0\;C:\windows\System32\OpenSSH\;C:\Program Files (x86)\NVIDIA Corporation\PhysX\Common;C:\Program Files\NVIDIA Corporation\NVIDIA NvDLISR;C:\Users\Administrator\AppData\Local\Microsoft\WindowsApps;C:\Program Files\HP\OMEN-Broadcast\Common;C:\Program Files\Git\cmd;C:\Program Files (x86)\Windows Kits\10\Windows Performance Toolkit\;C:\Program Files\HP\HP One Agent;C:\Program Files\nodejs\;%SystemRoot%\system32;%SystemRoot%;%SystemRoot%\System32\Wbem;%SYSTEMROOT%\System32\WindowsPowerShell\v1.0\;%SYSTEMROOT%\System32\OpenSSH\;C:\Users\calve\AppData\Local\Programs\Python\Python311\Scripts\;C:\Users\calve\AppData\Local\Programs\Python\Python311\;C:\Users\calve\AppData\Local\Microsoft\WindowsApps;C:\Users\calve\AppData\Local\Programs\Microsoft VS Code\bin;C:\flutter\bin;C:\Users\calve\AppData\Local\Packages\PythonSoftwareFoundation.Python.3.13_qbz5n2kfra8p0\LocalCache\local-packages\Python313\Scripts;C:\Users\calve\AppData\Roaming\npm;C:\Users\calve\AppData\Local\Pub\Cache\bin;C:\Program Files\Java\jdk-20\bin;
USERNAME=calve
OS=Windows_NT
PROCESSOR_IDENTIFIER=Intel64 Family 6 Model 154 Stepping 3, GenuineIntel
TMP=C:\Users\calve\AppData\Local\Temp
TEMP=C:\Users\calve\AppData\Local\Temp




---------------  S Y S T E M  ---------------

OS:
 Windows 11 , 64 bit Build 26100 (10.0.26100.4768)
OS uptime: 1 days 0:29 hours
Hyper-V role detected

CPU: total 12 (initial active 12) (6 cores per cpu, 2 threads per core) family 6 model 154 stepping 3 microcode 0x434, cx8, cmov, fxsr, ht, mmx, 3dnowpref, sse, sse2, sse3, ssse3, sse4.1, sse4.2, popcnt, lzcnt, tsc, tscinvbit, avx, avx2, aes, erms, clmul, bmi1, bmi2, adx, sha, fma, vzeroupper, clflush, clflushopt, clwb, hv, serialize, rdtscp, rdpid, fsrm, f16c, cet_ibt, cet_ss

Memory: 4k page, system-wide physical 7832M (520M free)
TotalPageFile size 31384M (AvailPageFile size 35M)
current process WorkingSet (physical memory assigned to process): 12M, peak: 12M
current process commit charge ("private bytes"): 64M, peak: 188M

vm_info: Java HotSpot(TM) 64-Bit Server VM (20.0.2+9-78) for windows-amd64 JRE (20.0.2+9-78), built on 2023-06-14T10:08:48Z by "mach5one" with MS VC++ 17.1 (VS2022)

END.
