#
# There is insufficient memory for the Java Runtime Environment to continue.
# Native memory allocation (malloc) failed to allocate 882336 bytes for Chunk::new
# Possible reasons:
#   The system is out of physical RAM or swap space
#   The process is running with CompressedOops enabled, and the Java Heap may be blocking the growth of the native heap
# Possible solutions:
#   Reduce memory load on the system
#   Increase physical memory or swap space
#   Check if swap backing store is full
#   Decrease Java heap size (-Xmx/-Xms)
#   Decrease number of Java threads
#   Decrease Java thread stack sizes (-Xss)
#   Set larger code cache with -XX:ReservedCodeCacheSize=
#   JVM is running with Unscaled Compressed Oops mode in which the Java heap is
#     placed in the first 4GB address space. The Java Heap base address is the
#     maximum limit for the native heap growth. Please use -XX:HeapBaseMinAddress
#     to set the Java Heap base and to place the Java Heap above 4GB virtual address.
# This output file may be truncated or incomplete.
#
#  Out of Memory Error (arena.cpp:184), pid=21056, tid=33444
#
# JRE version: Java(TM) SE Runtime Environment (20.0.2+9) (build 20.0.2+9-78)
# Java VM: Java HotSpot(TM) 64-Bit Server VM (20.0.2+9-78, mixed mode, sharing, tiered, compressed oops, compressed class ptrs, g1 gc, windows-amd64)
# No core dump will be written. Minidumps are not enabled by default on client versions of Windows
#

---------------  S U M M A R Y ------------

Command Line: -Dapplication.home=C:\Program Files\Java\jdk-20 --add-modules=ALL-DEFAULT -Xms8m -Djdk.module.main=jdk.compiler jdk.compiler/com.sun.tools.javac.Main @C:\Users\calve\AppData\Local\Temp\files16783693293918270967

Host: 12th Gen Intel(R) Core(TM) i5-12450H, 12 cores, 7G,  Windows 11 , 64 bit Build 26100 (10.0.26100.4768)
Time: Fri Aug 29 18:53:15 2025 Malay Peninsula Standard Time elapsed time: 3.241757 seconds (0d 0h 0m 3s)

---------------  T H R E A D  ---------------

Current thread (0x00000239991a0550):  JavaThread "C2 CompilerThread0" daemon [_thread_in_native, id=33444, stack(0x000000d76f600000,0x000000d76f700000)]


Current CompileTask:
C2:   3241 3593       4       com.sun.tools.javac.comp.Resolve::rawInstantiate (508 bytes)

Stack: [0x000000d76f600000,0x000000d76f700000]
Native frames: (J=compiled Java code, j=interpreted, Vv=VM code, C=native code)
V  [jvm.dll+0x6bc25a]
V  [jvm.dll+0x84971a]
V  [jvm.dll+0x84b315]
V  [jvm.dll+0x84ba13]
V  [jvm.dll+0x280e4f]
V  [jvm.dll+0xc2ab1]
V  [jvm.dll+0xc2dd5]
V  [jvm.dll+0x2f611f]
V  [jvm.dll+0x5e3b0b]
V  [jvm.dll+0x254684]
V  [jvm.dll+0x254a4f]
V  [jvm.dll+0x24d23d]
V  [jvm.dll+0x24a819]
V  [jvm.dll+0x1ce761]
V  [jvm.dll+0x25a0eb]
V  [jvm.dll+0x2587c0]
V  [jvm.dll+0x3f2dd5]
V  [jvm.dll+0x7f5c76]
V  [jvm.dll+0x6baecb]
C  [ucrtbase.dll+0x37b0]
C  [KERNEL32.DLL+0x2e8d7]
C  [ntdll.dll+0x3c34c]


---------------  P R O C E S S  ---------------

Threads class SMR info:
_java_thread_list=0x00000239df0996e0, length=12, elements={
0x00000239fc669ed0, 0x00000239991992e0, 0x0000023999199c20, 0x000002399919d580,
0x000002399919dec0, 0x000002399919e800, 0x000002399919f140, 0x00000239991a0550,
0x00000239991a3050, 0x00000239de8ca880, 0x00000239de93a2f0, 0x00000239df01fd40
}

Java Threads: ( => current thread )
  0x00000239fc669ed0 JavaThread "main" [_thread_in_Java, id=32816, stack(0x000000d76e900000,0x000000d76ea00000)]
  0x00000239991992e0 JavaThread "Reference Handler" daemon [_thread_blocked, id=32684, stack(0x000000d76f000000,0x000000d76f100000)]
  0x0000023999199c20 JavaThread "Finalizer" daemon [_thread_blocked, id=32692, stack(0x000000d76f100000,0x000000d76f200000)]
  0x000002399919d580 JavaThread "Signal Dispatcher" daemon [_thread_blocked, id=23172, stack(0x000000d76f200000,0x000000d76f300000)]
  0x000002399919dec0 JavaThread "Attach Listener" daemon [_thread_blocked, id=32544, stack(0x000000d76f300000,0x000000d76f400000)]
  0x000002399919e800 JavaThread "Service Thread" daemon [_thread_blocked, id=33180, stack(0x000000d76f400000,0x000000d76f500000)]
  0x000002399919f140 JavaThread "Monitor Deflation Thread" daemon [_thread_blocked, id=28792, stack(0x000000d76f500000,0x000000d76f600000)]
=>0x00000239991a0550 JavaThread "C2 CompilerThread0" daemon [_thread_in_native, id=33444, stack(0x000000d76f600000,0x000000d76f700000)]
  0x00000239991a3050 JavaThread "C1 CompilerThread0" daemon [_thread_blocked, id=21628, stack(0x000000d76f700000,0x000000d76f800000)]
  0x00000239de8ca880 JavaThread "Common-Cleaner" daemon [_thread_blocked, id=28976, stack(0x000000d76f800000,0x000000d76f900000)]
  0x00000239de93a2f0 JavaThread "Notification Thread" daemon [_thread_blocked, id=24960, stack(0x000000d76f900000,0x000000d76fa00000)]
  0x00000239df01fd40 JavaThread "C2 CompilerThread1" daemon [_thread_in_native, id=33268, stack(0x000000d770000000,0x000000d770100000)]

Other Threads:
  0x000002399917a6c0 VMThread "VM Thread" [stack: 0x000000d76ef00000,0x000000d76f000000] [id=19944]
  0x00000239de941080 WatcherThread "VM Periodic Task Thread" [stack: 0x000000d76fa00000,0x000000d76fb00000] [id=11348]
  0x00000239fc6cabc0 WorkerThread "GC Thread#0" [stack: 0x000000d76ea00000,0x000000d76eb00000] [id=33364]
  0x00000239debc87f0 WorkerThread "GC Thread#1" [stack: 0x000000d76fb00000,0x000000d76fc00000] [id=18376]
  0x00000239debabc20 WorkerThread "GC Thread#2" [stack: 0x000000d76fc00000,0x000000d76fd00000] [id=32800]
  0x00000239debabef0 WorkerThread "GC Thread#3" [stack: 0x000000d76fd00000,0x000000d76fe00000] [id=33304]
  0x00000239decaf740 WorkerThread "GC Thread#4" [stack: 0x000000d76fe00000,0x000000d76ff00000] [id=27552]
  0x00000239decaeed0 WorkerThread "GC Thread#5" [stack: 0x000000d76ff00000,0x000000d770000000] [id=4460]
  0x00000239decaf1a0 WorkerThread "GC Thread#6" [stack: 0x000000d770100000,0x000000d770200000] [id=6296]
  0x00000239decafce0 WorkerThread "GC Thread#7" [stack: 0x000000d770200000,0x000000d770300000] [id=12456]
  0x00000239fc6dafd0 ConcurrentGCThread "G1 Main Marker" [stack: 0x000000d76eb00000,0x000000d76ec00000] [id=17848]
  0x00000239fc6dba00 WorkerThread "G1 Conc#0" [stack: 0x000000d76ec00000,0x000000d76ed00000] [id=25844]
  0x00000239fc706df0 ConcurrentGCThread "G1 Refine#0" [stack: 0x000000d76ed00000,0x000000d76ee00000] [id=21124]
  0x00000239fc707ed0 ConcurrentGCThread "G1 Service" [stack: 0x000000d76ee00000,0x000000d76ef00000] [id=25824]

Threads with active compile tasks:
C2 CompilerThread0     3252 3593       4       com.sun.tools.javac.comp.Resolve::rawInstantiate (508 bytes)
C1 CompilerThread0     3252 3733       2       com.sun.tools.javac.comp.Flow$AssignAnalyzer::addVars (61 bytes)
C2 CompilerThread1     3252 3669       4       com.sun.tools.javac.comp.Resolve$AbstractMethodCheck::argumentsAcceptable (288 bytes)

VM state: not at safepoint (normal execution)

VM Mutex/Monitor currently owned by a thread: None

Heap address: 0x0000000085800000, size: 1960 MB, Compressed Oops mode: 32-bit

CDS archive(s) mapped at: [0x0000023999800000-0x000002399a460000-0x000002399a460000), size 12976128, SharedBaseAddress: 0x0000023999800000, ArchiveRelocationMode: 1.
Compressed class space mapped at: 0x000002399a800000-0x00000239da800000, reserved size: 1073741824
Narrow klass base: 0x0000023999800000, Narrow klass shift: 0, Narrow klass range: 0x100000000

GC Precious Log:
 CardTable entry size: 512
 Card Set container configuration: InlinePtr #cards 5 size 8 Array Of Cards #cards 12 size 40 Howl #buckets 4 coarsen threshold 1843 Howl Bitmap #cards 512 size 80 coarsen threshold 460 Card regions per heap region 1 cards per card region 2048
 CPUs: 12 total, 12 available
 Memory: 7832M
 Large Page Support: Disabled
 NUMA Support: Disabled
 Compressed Oops: Enabled (32-bit)
 Heap Region Size: 1M
 Heap Min Capacity: 8M
 Heap Initial Capacity: 8M
 Heap Max Capacity: 1960M
 Pre-touch: Disabled
 Parallel Workers: 10
 Concurrent Workers: 3
 Concurrent Refinement Workers: 10
 Periodic GC: Disabled

Heap:
 garbage-first heap   total 40960K, used 16303K [0x0000000085800000, 0x0000000100000000)
  region size 1024K, 6 young (6144K), 2 survivors (2048K)
 Metaspace       used 12227K, committed 12544K, reserved 1114112K
  class space    used 1265K, committed 1408K, reserved 1048576K

Heap Regions: E=young(eden), S=young(survivor), O=old, HS=humongous(starts), HC=humongous(continues), CS=collection set, F=free, OA=open archive, CA=closed archive, TAMS=top-at-mark-start, PB=parsable bottom
|   0|0x0000000085800000, 0x0000000085900000, 0x0000000085900000|100%| O|  |TAMS 0x0000000085800000| PB 0x0000000085800000| Untracked 
|   1|0x0000000085900000, 0x0000000085a00000, 0x0000000085a00000|100%| O|  |TAMS 0x0000000085900000| PB 0x0000000085900000| Untracked 
|   2|0x0000000085a00000, 0x0000000085b00000, 0x0000000085b00000|100%| O|  |TAMS 0x0000000085a00000| PB 0x0000000085a00000| Untracked 
|   3|0x0000000085b00000, 0x0000000085c00000, 0x0000000085c00000|100%| O|  |TAMS 0x0000000085b00000| PB 0x0000000085b00000| Untracked 
|   4|0x0000000085c00000, 0x0000000085d00000, 0x0000000085d00000|100%| O|  |TAMS 0x0000000085c00000| PB 0x0000000085c00000| Untracked 
|   5|0x0000000085d00000, 0x0000000085e00000, 0x0000000085e00000|100%| O|  |TAMS 0x0000000085d00000| PB 0x0000000085d00000| Untracked 
|   6|0x0000000085e00000, 0x0000000085f00000, 0x0000000085f00000|100%| O|  |TAMS 0x0000000085e00000| PB 0x0000000085e00000| Untracked 
|   7|0x0000000085f00000, 0x0000000086000000, 0x0000000086000000|100%| O|  |TAMS 0x0000000085f00000| PB 0x0000000085f00000| Untracked 
|   8|0x0000000086000000, 0x0000000086100000, 0x0000000086100000|100%| O|  |TAMS 0x0000000086000000| PB 0x0000000086000000| Untracked 
|   9|0x0000000086100000, 0x0000000086200000, 0x0000000086200000|100%| O|  |TAMS 0x0000000086100000| PB 0x0000000086100000| Untracked 
|  10|0x0000000086200000, 0x00000000862dae00, 0x0000000086300000| 85%| O|  |TAMS 0x0000000086200000| PB 0x0000000086200000| Untracked 
|  11|0x0000000086300000, 0x0000000086400000, 0x0000000086400000|100%|HS|  |TAMS 0x0000000086300000| PB 0x0000000086300000| Complete 
|  12|0x0000000086400000, 0x0000000086400000, 0x0000000086500000|  0%| F|  |TAMS 0x0000000086400000| PB 0x0000000086400000| Untracked 
|  13|0x0000000086500000, 0x0000000086500000, 0x0000000086600000|  0%| F|  |TAMS 0x0000000086500000| PB 0x0000000086500000| Untracked 
|  14|0x0000000086600000, 0x0000000086600000, 0x0000000086700000|  0%| F|  |TAMS 0x0000000086600000| PB 0x0000000086600000| Untracked 
|  15|0x0000000086700000, 0x0000000086710f50, 0x0000000086800000|  6%| S|CS|TAMS 0x0000000086700000| PB 0x0000000086700000| Complete 
|  16|0x0000000086800000, 0x0000000086900000, 0x0000000086900000|100%| S|CS|TAMS 0x0000000086800000| PB 0x0000000086800000| Complete 
|  17|0x0000000086900000, 0x0000000086900000, 0x0000000086a00000|  0%| F|  |TAMS 0x0000000086900000| PB 0x0000000086900000| Untracked 
|  18|0x0000000086a00000, 0x0000000086a00000, 0x0000000086b00000|  0%| F|  |TAMS 0x0000000086a00000| PB 0x0000000086a00000| Untracked 
|  19|0x0000000086b00000, 0x0000000086b00000, 0x0000000086c00000|  0%| F|  |TAMS 0x0000000086b00000| PB 0x0000000086b00000| Untracked 
|  20|0x0000000086c00000, 0x0000000086c00000, 0x0000000086d00000|  0%| F|  |TAMS 0x0000000086c00000| PB 0x0000000086c00000| Untracked 
|  21|0x0000000086d00000, 0x0000000086d00000, 0x0000000086e00000|  0%| F|  |TAMS 0x0000000086d00000| PB 0x0000000086d00000| Untracked 
|  22|0x0000000086e00000, 0x0000000086e00000, 0x0000000086f00000|  0%| F|  |TAMS 0x0000000086e00000| PB 0x0000000086e00000| Untracked 
|  23|0x0000000086f00000, 0x0000000086f00000, 0x0000000087000000|  0%| F|  |TAMS 0x0000000086f00000| PB 0x0000000086f00000| Untracked 
|  24|0x0000000087000000, 0x0000000087000000, 0x0000000087100000|  0%| F|  |TAMS 0x0000000087000000| PB 0x0000000087000000| Untracked 
|  25|0x0000000087100000, 0x0000000087100000, 0x0000000087200000|  0%| F|  |TAMS 0x0000000087100000| PB 0x0000000087100000| Untracked 
|  26|0x0000000087200000, 0x0000000087200000, 0x0000000087300000|  0%| F|  |TAMS 0x0000000087200000| PB 0x0000000087200000| Untracked 
|  27|0x0000000087300000, 0x0000000087300000, 0x0000000087400000|  0%| F|  |TAMS 0x0000000087300000| PB 0x0000000087300000| Untracked 
|  28|0x0000000087400000, 0x0000000087400000, 0x0000000087500000|  0%| F|  |TAMS 0x0000000087400000| PB 0x0000000087400000| Untracked 
|  29|0x0000000087500000, 0x0000000087500000, 0x0000000087600000|  0%| F|  |TAMS 0x0000000087500000| PB 0x0000000087500000| Untracked 
|  30|0x0000000087600000, 0x0000000087600000, 0x0000000087700000|  0%| F|  |TAMS 0x0000000087600000| PB 0x0000000087600000| Untracked 
|  31|0x0000000087700000, 0x0000000087700000, 0x0000000087800000|  0%| F|  |TAMS 0x0000000087700000| PB 0x0000000087700000| Untracked 
|  32|0x0000000087800000, 0x0000000087800000, 0x0000000087900000|  0%| F|  |TAMS 0x0000000087800000| PB 0x0000000087800000| Untracked 
|  33|0x0000000087900000, 0x0000000087900000, 0x0000000087a00000|  0%| F|  |TAMS 0x0000000087900000| PB 0x0000000087900000| Untracked 
|  34|0x0000000087a00000, 0x0000000087a00000, 0x0000000087b00000|  0%| F|  |TAMS 0x0000000087a00000| PB 0x0000000087a00000| Untracked 
|  35|0x0000000087b00000, 0x0000000087b00000, 0x0000000087c00000|  0%| F|  |TAMS 0x0000000087b00000| PB 0x0000000087b00000| Untracked 
|  36|0x0000000087c00000, 0x0000000087c850b8, 0x0000000087d00000| 51%| E|  |TAMS 0x0000000087c00000| PB 0x0000000087c00000| Complete 
|  37|0x0000000087d00000, 0x0000000087e00000, 0x0000000087e00000|100%| E|CS|TAMS 0x0000000087d00000| PB 0x0000000087d00000| Complete 
|  38|0x0000000087e00000, 0x0000000087f00000, 0x0000000087f00000|100%| E|CS|TAMS 0x0000000087e00000| PB 0x0000000087e00000| Complete 
|  39|0x0000000087f00000, 0x0000000088000000, 0x0000000088000000|100%| E|CS|TAMS 0x0000000087f00000| PB 0x0000000087f00000| Complete 

Card table byte_map: [0x00000239fd060000,0x00000239fd440000] _byte_map_base: 0x00000239fcc34000

Marking Bits: (CMBitMap*) 0x00000239fc6cb1f0
 Bits: [0x00000239fd820000, 0x00000239ff6c0000)

Polling page: 0x00000239fa550000

Metaspace:

Usage:
  Non-class:     10.71 MB used.
      Class:      1.24 MB used.
       Both:     11.94 MB used.

Virtual space:
  Non-class space:       64.00 MB reserved,      10.88 MB ( 17%) committed,  1 nodes.
      Class space:        1.00 GB reserved,       1.38 MB ( <1%) committed,  1 nodes.
             Both:        1.06 GB reserved,      12.25 MB (  1%) committed. 

Chunk freelists:
   Non-Class:  3.28 MB
       Class:  2.61 MB
        Both:  5.89 MB

MaxMetaspaceSize: unlimited
CompressedClassSpaceSize: 1.00 GB
Initial GC threshold: 21.00 MB
Current GC threshold: 21.00 MB
CDS: on
MetaspaceReclaimPolicy: balanced
 - commit_granule_bytes: 65536.
 - commit_granule_words: 8192.
 - virtual_space_node_default_size: 8388608.
 - enlarge_chunks_in_place: 1.
 - new_chunks_are_fully_committed: 0.
 - uncommit_free_chunks: 1.
 - use_allocation_guard: 0.


Internal statistics:

num_allocs_failed_limit: 0.
num_arena_births: 190.
num_arena_deaths: 0.
num_vsnodes_births: 2.
num_vsnodes_deaths: 0.
num_space_committed: 196.
num_space_uncommitted: 0.
num_chunks_returned_to_freelist: 0.
num_chunks_taken_from_freelist: 622.
num_chunk_merges: 0.
num_chunk_splits: 433.
num_chunks_enlarged: 332.
num_inconsistent_stats: 0.

CodeHeap 'non-profiled nmethods': size=120000Kb used=1358Kb max_used=1358Kb free=118641Kb
 bounds [0x000002398fae0000, 0x000002398fd50000, 0x0000023997010000]
CodeHeap 'profiled nmethods': size=120000Kb used=8627Kb max_used=8627Kb free=111373Kb
 bounds [0x0000023988010000, 0x0000023988880000, 0x000002398f540000]
CodeHeap 'non-nmethods': size=5760Kb used=1394Kb max_used=1449Kb free=4365Kb
 bounds [0x000002398f540000, 0x000002398f7b0000, 0x000002398fae0000]
 total_blobs=4143 nmethods=3708 adapters=345
 compilation: enabled
              stopped_count=0, restarted_count=0
 full_count=0

Compilation events (20 events):
Event: 1.237 Thread 0x00000239991a3050 3722       2       com.sun.tools.javac.tree.JCTree$JCLiteral::accept (9 bytes)
Event: 1.237 Thread 0x00000239991a3050 nmethod 3722 0x0000023988878090 code [0x0000023988878220, 0x0000023988878358]
Event: 1.237 Thread 0x00000239991a3050 3723       2       com.sun.tools.javac.tree.TreeCopier::visitLiteral (7 bytes)
Event: 1.237 Thread 0x00000239991a3050 nmethod 3723 0x0000023988878410 code [0x00000239888785a0, 0x0000023988878720]
Event: 1.237 Thread 0x00000239991a3050 3724       2       com.sun.tools.javac.comp.ArgumentAttr$ResolvedMemberType::<init> (12 bytes)
Event: 1.237 Thread 0x00000239991a3050 nmethod 3724 0x0000023988878890 code [0x0000023988878a40, 0x0000023988878d88]
Event: 1.240 Thread 0x00000239991a3050 3725       2       com.sun.tools.javac.comp.ArgumentAttr::visitApply (50 bytes)
Event: 1.241 Thread 0x00000239991a3050 nmethod 3725 0x0000023988878f10 code [0x0000023988879100, 0x0000023988879510]
Event: 1.241 Thread 0x00000239991a3050 3726       2       com.sun.tools.javac.comp.ArgumentAttr$$Lambda$198/0x000002399a923d28::<init> (15 bytes)
Event: 1.241 Thread 0x00000239991a3050 nmethod 3726 0x0000023988879790 code [0x0000023988879920, 0x0000023988879ae0]
Event: 1.241 Thread 0x00000239991a3050 3727       2       com.sun.tools.javac.comp.ArgumentAttr$ResolvedMethodType::<init> (17 bytes)
Event: 1.241 Thread 0x00000239991a3050 nmethod 3727 0x0000023988879b90 code [0x0000023988879d20, 0x0000023988879e80]
Event: 1.241 Thread 0x00000239991a3050 3728       3       com.sun.tools.javac.comp.Resolve$LookupHelper::<init> (33 bytes)
Event: 1.241 Thread 0x00000239991a3050 nmethod 3728 0x0000023988879f90 code [0x000002398887a120, 0x000002398887a460]
Event: 1.241 Thread 0x00000239991a3050 3729       2       java.util.EnumSet::of (16 bytes)
Event: 1.241 Thread 0x00000239991a3050 nmethod 3729 0x000002398887a590 code [0x000002398887a740, 0x000002398887a8d8]
Event: 1.241 Thread 0x00000239991a3050 3730       2       com.sun.tools.javac.comp.Infer::doIncorporationOp (65 bytes)
Event: 1.242 Thread 0x00000239991a3050 nmethod 3730 0x000002398887aa10 code [0x000002398887abe0, 0x000002398887aff0]
Event: 1.242 Thread 0x00000239991a3050 3731       2       com.sun.tools.javac.comp.Infer$IncorporationBinaryOp::<init> (26 bytes)
Event: 1.242 Thread 0x00000239991a3050 nmethod 3731 0x000002398887b190 code [0x000002398887b320, 0x000002398887b598]

GC Heap History (20 events):
Event: 0.403 GC heap before
{Heap before GC invocations=7 (full 0):
 garbage-first heap   total 10240K, used 6971K [0x0000000085800000, 0x0000000100000000)
  region size 1024K, 4 young (4096K), 1 survivors (1024K)
 Metaspace       used 8091K, committed 8256K, reserved 1114112K
  class space    used 888K, committed 960K, reserved 1048576K
}
Event: 0.405 GC heap after
{Heap after GC invocations=8 (full 0):
 garbage-first heap   total 10240K, used 4509K [0x0000000085800000, 0x0000000100000000)
  region size 1024K, 1 young (1024K), 1 survivors (1024K)
 Metaspace       used 8091K, committed 8256K, reserved 1114112K
  class space    used 888K, committed 960K, reserved 1048576K
}
Event: 0.426 GC heap before
{Heap before GC invocations=8 (full 0):
 garbage-first heap   total 10240K, used 6557K [0x0000000085800000, 0x0000000100000000)
  region size 1024K, 3 young (3072K), 1 survivors (1024K)
 Metaspace       used 8162K, committed 8320K, reserved 1114112K
  class space    used 895K, committed 960K, reserved 1048576K
}
Event: 0.428 GC heap after
{Heap after GC invocations=9 (full 0):
 garbage-first heap   total 16384K, used 5108K [0x0000000085800000, 0x0000000100000000)
  region size 1024K, 1 young (1024K), 1 survivors (1024K)
 Metaspace       used 8162K, committed 8320K, reserved 1114112K
  class space    used 895K, committed 960K, reserved 1048576K
}
Event: 0.491 GC heap before
{Heap before GC invocations=9 (full 0):
 garbage-first heap   total 16384K, used 10228K [0x0000000085800000, 0x0000000100000000)
  region size 1024K, 6 young (6144K), 1 survivors (1024K)
 Metaspace       used 8697K, committed 8896K, reserved 1114112K
  class space    used 955K, committed 1024K, reserved 1048576K
}
Event: 0.493 GC heap after
{Heap after GC invocations=10 (full 0):
 garbage-first heap   total 16384K, used 6137K [0x0000000085800000, 0x0000000100000000)
  region size 1024K, 1 young (1024K), 1 survivors (1024K)
 Metaspace       used 8697K, committed 8896K, reserved 1114112K
  class space    used 955K, committed 1024K, reserved 1048576K
}
Event: 0.525 GC heap before
{Heap before GC invocations=10 (full 0):
 garbage-first heap   total 16384K, used 10233K [0x0000000085800000, 0x0000000100000000)
  region size 1024K, 5 young (5120K), 1 survivors (1024K)
 Metaspace       used 8879K, committed 9088K, reserved 1114112K
  class space    used 972K, committed 1088K, reserved 1048576K
}
Event: 0.527 GC heap after
{Heap after GC invocations=11 (full 0):
 garbage-first heap   total 16384K, used 6877K [0x0000000085800000, 0x0000000100000000)
  region size 1024K, 1 young (1024K), 1 survivors (1024K)
 Metaspace       used 8879K, committed 9088K, reserved 1114112K
  class space    used 972K, committed 1088K, reserved 1048576K
}
Event: 0.533 GC heap before
{Heap before GC invocations=11 (full 0):
 garbage-first heap   total 16384K, used 10973K [0x0000000085800000, 0x0000000100000000)
  region size 1024K, 5 young (5120K), 1 survivors (1024K)
 Metaspace       used 8883K, committed 9088K, reserved 1114112K
  class space    used 972K, committed 1088K, reserved 1048576K
}
Event: 0.534 GC heap after
{Heap after GC invocations=12 (full 0):
 garbage-first heap   total 16384K, used 7416K [0x0000000085800000, 0x0000000100000000)
  region size 1024K, 1 young (1024K), 1 survivors (1024K)
 Metaspace       used 8883K, committed 9088K, reserved 1114112K
  class space    used 972K, committed 1088K, reserved 1048576K
}
Event: 0.565 GC heap before
{Heap before GC invocations=12 (full 0):
 garbage-first heap   total 16384K, used 10488K [0x0000000085800000, 0x0000000100000000)
  region size 1024K, 5 young (5120K), 1 survivors (1024K)
 Metaspace       used 9037K, committed 9216K, reserved 1114112K
  class space    used 988K, committed 1088K, reserved 1048576K
}
Event: 0.567 GC heap after
{Heap after GC invocations=13 (full 0):
 garbage-first heap   total 32768K, used 8381K [0x0000000085800000, 0x0000000100000000)
  region size 1024K, 1 young (1024K), 1 survivors (1024K)
 Metaspace       used 9037K, committed 9216K, reserved 1114112K
  class space    used 988K, committed 1088K, reserved 1048576K
}
Event: 0.815 GC heap before
{Heap before GC invocations=13 (full 0):
 garbage-first heap   total 32768K, used 21693K [0x0000000085800000, 0x0000000100000000)
  region size 1024K, 15 young (15360K), 1 survivors (1024K)
 Metaspace       used 11038K, committed 11328K, reserved 1114112K
  class space    used 1212K, committed 1344K, reserved 1048576K
}
Event: 0.819 GC heap after
{Heap after GC invocations=14 (full 0):
 garbage-first heap   total 32768K, used 10918K [0x0000000085800000, 0x0000000100000000)
  region size 1024K, 2 young (2048K), 2 survivors (2048K)
 Metaspace       used 11038K, committed 11328K, reserved 1114112K
  class space    used 1212K, committed 1344K, reserved 1048576K
}
Event: 0.988 GC heap before
{Heap before GC invocations=14 (full 0):
 garbage-first heap   total 32768K, used 23206K [0x0000000085800000, 0x0000000100000000)
  region size 1024K, 14 young (14336K), 2 survivors (2048K)
 Metaspace       used 11565K, committed 11776K, reserved 1114112K
  class space    used 1228K, committed 1344K, reserved 1048576K
}
Event: 0.991 GC heap after
{Heap after GC invocations=15 (full 0):
 garbage-first heap   total 32768K, used 11623K [0x0000000085800000, 0x0000000100000000)
  region size 1024K, 1 young (1024K), 1 survivors (1024K)
 Metaspace       used 11565K, committed 11776K, reserved 1114112K
  class space    used 1228K, committed 1344K, reserved 1048576K
}
Event: 1.111 GC heap before
{Heap before GC invocations=15 (full 0):
 garbage-first heap   total 32768K, used 25959K [0x0000000085800000, 0x0000000100000000)
  region size 1024K, 14 young (14336K), 1 survivors (1024K)
 Metaspace       used 11919K, committed 12160K, reserved 1114112K
  class space    used 1248K, committed 1344K, reserved 1048576K
}
Event: 1.113 GC heap after
{Heap after GC invocations=16 (full 0):
 garbage-first heap   total 32768K, used 12881K [0x0000000085800000, 0x0000000100000000)
  region size 1024K, 1 young (1024K), 1 survivors (1024K)
 Metaspace       used 11919K, committed 12160K, reserved 1114112K
  class space    used 1248K, committed 1344K, reserved 1048576K
}
Event: 1.222 GC heap before
{Heap before GC invocations=16 (full 0):
 garbage-first heap   total 32768K, used 27217K [0x0000000085800000, 0x0000000100000000)
  region size 1024K, 15 young (15360K), 1 survivors (1024K)
 Metaspace       used 12180K, committed 12416K, reserved 1114112K
  class space    used 1259K, committed 1344K, reserved 1048576K
}
Event: 1.224 GC heap after
{Heap after GC invocations=17 (full 0):
 garbage-first heap   total 40960K, used 13231K [0x0000000085800000, 0x0000000100000000)
  region size 1024K, 2 young (2048K), 2 survivors (2048K)
 Metaspace       used 12180K, committed 12416K, reserved 1114112K
  class space    used 1259K, committed 1344K, reserved 1048576K
}

Dll operation events (5 events):
Event: 0.005 Loaded shared library C:\Program Files\Java\jdk-20\bin\java.dll
Event: 0.023 Loaded shared library C:\Program Files\Java\jdk-20\bin\jsvml.dll
Event: 0.052 Loaded shared library C:\Program Files\Java\jdk-20\bin\jimage.dll
Event: 0.089 Loaded shared library C:\Program Files\Java\jdk-20\bin\net.dll
Event: 0.090 Loaded shared library C:\Program Files\Java\jdk-20\bin\nio.dll

Deoptimization events (20 events):
Event: 1.185 Thread 0x00000239fc669ed0 DEOPT UNPACKING pc=0x000002398f5a9d22 sp=0x000000d76e9fd850 mode 2
Event: 1.185 Thread 0x00000239fc669ed0 Uncommon trap: trap_request=0xffffff45 fr.pc=0x000002398fb3c304 relative=0x00000000000001e4
Event: 1.185 Thread 0x00000239fc669ed0 Uncommon trap: reason=unstable_if action=reinterpret pc=0x000002398fb3c304 method=java.lang.String.toCharArray()[C @ 4 c2
Event: 1.185 Thread 0x00000239fc669ed0 DEOPT PACKING pc=0x000002398fb3c304 sp=0x000000d76e9fd6c0
Event: 1.185 Thread 0x00000239fc669ed0 DEOPT UNPACKING pc=0x000002398f5a9d22 sp=0x000000d76e9fd5e8 mode 2
Event: 1.185 Thread 0x00000239fc669ed0 Uncommon trap: trap_request=0xffffff3d fr.pc=0x000002398fb20a88 relative=0x0000000000000208
Event: 1.185 Thread 0x00000239fc669ed0 Uncommon trap: reason=unstable_fused_if action=reinterpret pc=0x000002398fb20a88 method=com.sun.tools.javac.util.Convert.chars2utf([CI[BII)I @ 28 c2
Event: 1.185 Thread 0x00000239fc669ed0 DEOPT PACKING pc=0x000002398fb20a88 sp=0x000000d76e9fd560
Event: 1.185 Thread 0x00000239fc669ed0 DEOPT UNPACKING pc=0x000002398f5a9d22 sp=0x000000d76e9fd4c0 mode 2
Event: 1.214 Thread 0x00000239fc669ed0 Uncommon trap: trap_request=0xffffffc6 fr.pc=0x000002398fc0c2d0 relative=0x00000000000014b0
Event: 1.214 Thread 0x00000239fc669ed0 Uncommon trap: reason=bimorphic_or_optimized_type_check action=maybe_recompile pc=0x000002398fc0c2d0 method=java.util.HashMap.putVal(ILjava/lang/Object;Ljava/lang/Object;ZZ)Ljava/lang/Object; @ 91 c2
Event: 1.214 Thread 0x00000239fc669ed0 DEOPT PACKING pc=0x000002398fc0c2d0 sp=0x000000d76e9ff100
Event: 1.214 Thread 0x00000239fc669ed0 DEOPT UNPACKING pc=0x000002398f5a9d22 sp=0x000000d76e9fefc0 mode 2
Event: 1.234 Thread 0x00000239fc669ed0 Uncommon trap: trap_request=0xffffffc6 fr.pc=0x000002398fc0c2d0 relative=0x00000000000014b0
Event: 1.234 Thread 0x00000239fc669ed0 Uncommon trap: reason=bimorphic_or_optimized_type_check action=maybe_recompile pc=0x000002398fc0c2d0 method=java.util.HashMap.putVal(ILjava/lang/Object;Ljava/lang/Object;ZZ)Ljava/lang/Object; @ 91 c2
Event: 1.234 Thread 0x00000239fc669ed0 DEOPT PACKING pc=0x000002398fc0c2d0 sp=0x000000d76e9feb80
Event: 1.234 Thread 0x00000239fc669ed0 DEOPT UNPACKING pc=0x000002398f5a9d22 sp=0x000000d76e9fea40 mode 2
Event: 1.242 Thread 0x00000239fc669ed0 Uncommon trap: trap_request=0xffffffde fr.pc=0x000002398fbcca58 relative=0x00000000000002d8
Event: 1.242 Thread 0x00000239fc669ed0 Uncommon trap: reason=class_check action=maybe_recompile pc=0x000002398fbcca58 method=com.sun.tools.javac.code.Types.rank(Lcom/sun/tools/javac/code/Type;)I @ 140 c2
Event: 1.242 Thread 0x00000239fc669ed0 DEOPT PACKING pc=0x000002398fbcca58 sp=0x000000d76e9fcb10

Classes loaded (20 events):
Event: 0.739 Loading class sun/nio/fs/WindowsChannelFactory$2
Event: 0.740 Loading class sun/nio/fs/WindowsChannelFactory$2 done
Event: 0.740 Loading class sun/nio/ch/ChannelOutputStream
Event: 0.740 Loading class sun/nio/ch/ChannelOutputStream done
Event: 0.765 Loading class java/util/EnumMap$EntrySet
Event: 0.765 Loading class java/util/EnumMap$EntrySet done
Event: 0.765 Loading class java/util/EnumMap$EntryIterator
Event: 0.765 Loading class java/util/EnumMap$EnumMapIterator
Event: 0.765 Loading class java/util/EnumMap$EnumMapIterator done
Event: 0.765 Loading class java/util/EnumMap$EntryIterator done
Event: 0.765 Loading class java/util/EnumMap$EntryIterator$Entry
Event: 0.765 Loading class java/util/EnumMap$EntryIterator$Entry done
Event: 0.792 Loading class java/io/DataOutputStream
Event: 0.792 Loading class java/io/DataOutputStream done
Event: 1.096 Loading class java/util/stream/ReduceOps$2
Event: 1.097 Loading class java/util/stream/ReduceOps$2 done
Event: 1.097 Loading class java/util/stream/ReduceOps$2ReducingSink
Event: 1.097 Loading class java/util/stream/ReduceOps$2ReducingSink done
Event: 1.127 Loading class java/lang/invoke/MethodHandleImpl$CountingWrapper$1
Event: 1.128 Loading class java/lang/invoke/MethodHandleImpl$CountingWrapper$1 done

Classes unloaded (0 events):
No events

Classes redefined (0 events):
No events

Internal exceptions (20 events):
Event: 1.086 Thread 0x00000239fc669ed0 Exception <a 'sun/nio/fs/WindowsException'{0x0000000086ebcb40}> (0x0000000086ebcb40) 
thrown [s\open\src\hotspot\share\prims\jni.cpp, line 519]
Event: 1.094 Thread 0x00000239fc669ed0 Exception <a 'java/lang/NoSuchMethodError'{0x0000000086d642a8}: 'java.lang.Object java.lang.invoke.DirectMethodHandle$Holder.newInvokeSpecial(java.lang.Object, java.lang.Object, java.lang.Object, java.lang.Object, java.lang.Object, java.lang.Object, java.lang.Object, java.lang.Object)'> (0x0000000086d642a8) 
thrown [s\open\src\hotspot\share\interpreter\linkResolver.cpp, line 773]
Event: 1.097 Thread 0x00000239fc669ed0 Exception <a 'java/lang/NoSuchMethodError'{0x0000000086d7ce48}: 'java.lang.Object java.lang.invoke.DirectMethodHandle$Holder.newInvokeSpecial(java.lang.Object, java.lang.Object, java.lang.Object, java.lang.Object, java.lang.Object, java.lang.Object, java.lang.Object)'> (0x0000000086d7ce48) 
thrown [s\open\src\hotspot\share\interpreter\linkResolver.cpp, line 773]
Event: 1.121 Thread 0x00000239fc669ed0 Implicit null exception at 0x000002398fc04078 to 0x000002398fc0425c
Event: 1.121 Thread 0x00000239fc669ed0 Implicit null exception at 0x000002398fbe37fa to 0x000002398fbe3a14
Event: 1.121 Thread 0x00000239fc669ed0 Implicit null exception at 0x000002398fb4709d to 0x000002398fb47119
Event: 1.128 Thread 0x00000239fc669ed0 Exception <a 'sun/nio/fs/WindowsException'{0x00000000877d25b0}> (0x00000000877d25b0) 
thrown [s\open\src\hotspot\share\prims\jni.cpp, line 519]
Event: 1.138 Thread 0x00000239fc669ed0 Exception <a 'sun/nio/fs/WindowsException'{0x00000000876d5780}> (0x00000000876d5780) 
thrown [s\open\src\hotspot\share\prims\jni.cpp, line 519]
Event: 1.144 Thread 0x00000239fc669ed0 Exception <a 'sun/nio/fs/WindowsException'{0x0000000087555618}> (0x0000000087555618) 
thrown [s\open\src\hotspot\share\prims\jni.cpp, line 519]
Event: 1.154 Thread 0x00000239fc669ed0 Exception <a 'sun/nio/fs/WindowsException'{0x00000000875dbe60}> (0x00000000875dbe60) 
thrown [s\open\src\hotspot\share\prims\jni.cpp, line 519]
Event: 1.156 Thread 0x00000239fc669ed0 Exception <a 'sun/nio/fs/WindowsException'{0x00000000875f14c0}> (0x00000000875f14c0) 
thrown [s\open\src\hotspot\share\prims\jni.cpp, line 519]
Event: 1.162 Thread 0x00000239fc669ed0 Exception <a 'sun/nio/fs/WindowsException'{0x00000000874e6648}> (0x00000000874e6648) 
thrown [s\open\src\hotspot\share\prims\jni.cpp, line 519]
Event: 1.167 Thread 0x00000239fc669ed0 Exception <a 'sun/nio/fs/WindowsException'{0x0000000087321140}> (0x0000000087321140) 
thrown [s\open\src\hotspot\share\prims\jni.cpp, line 519]
Event: 1.171 Thread 0x00000239fc669ed0 Exception <a 'sun/nio/fs/WindowsException'{0x0000000087382fd0}> (0x0000000087382fd0) 
thrown [s\open\src\hotspot\share\prims\jni.cpp, line 519]
Event: 1.187 Thread 0x00000239fc669ed0 Exception <a 'sun/nio/fs/WindowsException'{0x0000000086f7b9a8}> (0x0000000086f7b9a8) 
thrown [s\open\src\hotspot\share\prims\jni.cpp, line 519]
Event: 1.193 Thread 0x00000239fc669ed0 Exception <a 'sun/nio/fs/WindowsException'{0x0000000086e1eb08}> (0x0000000086e1eb08) 
thrown [s\open\src\hotspot\share\prims\jni.cpp, line 519]
Event: 1.201 Thread 0x00000239fc669ed0 Exception <a 'sun/nio/fs/WindowsException'{0x0000000086d3c4b0}> (0x0000000086d3c4b0) 
thrown [s\open\src\hotspot\share\prims\jni.cpp, line 519]
Event: 1.208 Thread 0x00000239fc669ed0 Exception <a 'sun/nio/fs/WindowsException'{0x0000000086c8c768}> (0x0000000086c8c768) 
thrown [s\open\src\hotspot\share\prims\jni.cpp, line 519]
Event: 1.213 Thread 0x00000239fc669ed0 Exception <a 'sun/nio/fs/WindowsException'{0x0000000086cca218}> (0x0000000086cca218) 
thrown [s\open\src\hotspot\share\prims\jni.cpp, line 519]
Event: 1.233 Thread 0x00000239fc669ed0 Exception <a 'sun/nio/fs/WindowsException'{0x0000000087e62500}> (0x0000000087e62500) 
thrown [s\open\src\hotspot\share\prims\jni.cpp, line 519]

VM Operations (20 events):
Event: 0.850 Executing VM operation: HandshakeAllThreads done
Event: 0.866 Executing VM operation: ICBufferFull
Event: 0.866 Executing VM operation: ICBufferFull done
Event: 0.903 Executing VM operation: ICBufferFull
Event: 0.904 Executing VM operation: ICBufferFull done
Event: 0.954 Executing VM operation: ICBufferFull
Event: 0.954 Executing VM operation: ICBufferFull done
Event: 0.988 Executing VM operation: G1CollectForAllocation
Event: 0.991 Executing VM operation: G1CollectForAllocation done
Event: 1.039 Executing VM operation: ICBufferFull
Event: 1.039 Executing VM operation: ICBufferFull done
Event: 1.085 Executing VM operation: ICBufferFull
Event: 1.085 Executing VM operation: ICBufferFull done
Event: 1.111 Executing VM operation: G1CollectForAllocation
Event: 1.113 Executing VM operation: G1CollectForAllocation done
Event: 1.152 Executing VM operation: ICBufferFull
Event: 1.152 Executing VM operation: ICBufferFull done
Event: 1.222 Executing VM operation: G1CollectForAllocation
Event: 1.224 Executing VM operation: G1CollectForAllocation done
Event: 2.232 Executing VM operation: Cleanup

Events (12 events):
Event: 0.024 Thread 0x00000239fc669ed0 Thread added: 0x00000239fc669ed0
Event: 0.031 Thread 0x00000239991992e0 Thread added: 0x00000239991992e0
Event: 0.031 Thread 0x0000023999199c20 Thread added: 0x0000023999199c20
Event: 0.031 Thread 0x000002399919d580 Thread added: 0x000002399919d580
Event: 0.031 Thread 0x000002399919dec0 Thread added: 0x000002399919dec0
Event: 0.031 Thread 0x000002399919e800 Thread added: 0x000002399919e800
Event: 0.031 Thread 0x000002399919f140 Thread added: 0x000002399919f140
Event: 0.031 Thread 0x00000239991a0550 Thread added: 0x00000239991a0550
Event: 0.031 Thread 0x00000239991a3050 Thread added: 0x00000239991a3050
Event: 0.040 Thread 0x00000239de8ca880 Thread added: 0x00000239de8ca880
Event: 0.050 Thread 0x00000239de93a2f0 Thread added: 0x00000239de93a2f0
Event: 0.291 Thread 0x00000239df01fd40 Thread added: 0x00000239df01fd40


Dynamic libraries:
0x00007ff7a76c0000 - 0x00007ff7a76c8000 	C:\Program Files\Java\jdk-20\bin\javac.exe
0x00007ffa020c0000 - 0x00007ffa02327000 	C:\WINDOWS\SYSTEM32\ntdll.dll
0x00007ffa00380000 - 0x00007ffa00449000 	C:\WINDOWS\System32\KERNEL32.DLL
0x00007ff9ff7c0000 - 0x00007ff9ffbb0000 	C:\WINDOWS\System32\KERNELBASE.dll
0x00007ff9ffc70000 - 0x00007ff9ffdbb000 	C:\WINDOWS\System32\ucrtbase.dll
0x00007ff99ff60000 - 0x00007ff99ff79000 	C:\Program Files\Java\jdk-20\bin\jli.dll
0x00007ff9f75c0000 - 0x00007ff9f75db000 	C:\Program Files\Java\jdk-20\bin\VCRUNTIME140.dll
0x00007ffa00d90000 - 0x00007ffa00e44000 	C:\WINDOWS\System32\ADVAPI32.dll
0x00007ffa002d0000 - 0x00007ffa00379000 	C:\WINDOWS\System32\msvcrt.dll
0x00007ffa00ce0000 - 0x00007ffa00d86000 	C:\WINDOWS\System32\sechost.dll
0x00007ffa01f50000 - 0x00007ffa02068000 	C:\WINDOWS\System32\RPCRT4.dll
0x00007ffa006a0000 - 0x00007ffa00865000 	C:\WINDOWS\System32\USER32.dll
0x00007ff9ff4d0000 - 0x00007ff9ff4f7000 	C:\WINDOWS\System32\win32u.dll
0x00007ff9dbf90000 - 0x00007ff9dc22a000 	C:\WINDOWS\WinSxS\amd64_microsoft.windows.common-controls_6595b64144ccf1df_6.0.26100.4768_none_3e0c112ce331287c\COMCTL32.dll
0x00007ffa00e50000 - 0x00007ffa00e7b000 	C:\WINDOWS\System32\GDI32.dll
0x00007ff9ff500000 - 0x00007ff9ff638000 	C:\WINDOWS\System32\gdi32full.dll
0x00007ff9ffbc0000 - 0x00007ff9ffc63000 	C:\WINDOWS\System32\msvcp_win.dll
0x00007ff9f3fe0000 - 0x00007ff9f3feb000 	C:\WINDOWS\SYSTEM32\VERSION.dll
0x00007ffa00870000 - 0x00007ffa0089f000 	C:\WINDOWS\System32\IMM32.DLL
0x00007ff9f4a30000 - 0x00007ff9f4a3c000 	C:\Program Files\Java\jdk-20\bin\vcruntime140_1.dll
0x00007ff997570000 - 0x00007ff9975fe000 	C:\Program Files\Java\jdk-20\bin\msvcp140.dll
0x00007ff97c260000 - 0x00007ff97cef8000 	C:\Program Files\Java\jdk-20\bin\server\jvm.dll
0x00007ff9f76d0000 - 0x00007ff9f76da000 	C:\WINDOWS\SYSTEM32\WSOCK32.dll
0x00007ff9f3090000 - 0x00007ff9f30c5000 	C:\WINDOWS\SYSTEM32\WINMM.dll
0x00007ffa001e0000 - 0x00007ffa00254000 	C:\WINDOWS\System32\WS2_32.dll
0x00007ff9fdf70000 - 0x00007ff9fdf8b000 	C:\WINDOWS\SYSTEM32\kernel.appcore.dll
0x00007ff9f4a20000 - 0x00007ff9f4a2a000 	C:\Program Files\Java\jdk-20\bin\jimage.dll
0x00007ff9fca60000 - 0x00007ff9fcca1000 	C:\WINDOWS\SYSTEM32\DBGHELP.DLL
0x00007ff9ffe50000 - 0x00007ffa001d5000 	C:\WINDOWS\System32\combase.dll
0x00007ffa00f00000 - 0x00007ffa00fe0000 	C:\WINDOWS\System32\OLEAUT32.dll
0x00007ff9cbc40000 - 0x00007ff9cbc83000 	C:\WINDOWS\SYSTEM32\dbgcore.DLL
0x00007ff9ff2b0000 - 0x00007ff9ff349000 	C:\WINDOWS\System32\bcryptPrimitives.dll
0x00007ff9daca0000 - 0x00007ff9dacc6000 	C:\Program Files\Java\jdk-20\bin\java.dll
0x00007ff99be20000 - 0x00007ff99bef7000 	C:\Program Files\Java\jdk-20\bin\jsvml.dll
0x00007ffa016a0000 - 0x00007ffa01ded000 	C:\WINDOWS\System32\SHELL32.dll
0x00007ff9ff350000 - 0x00007ff9ff4c3000 	C:\WINDOWS\System32\wintypes.dll
0x00007ff9fcda0000 - 0x00007ff9fd600000 	C:\WINDOWS\SYSTEM32\windows.storage.dll
0x00007ffa01e00000 - 0x00007ffa01ef5000 	C:\WINDOWS\System32\SHCORE.dll
0x00007ffa00260000 - 0x00007ffa002ca000 	C:\WINDOWS\System32\shlwapi.dll
0x00007ff9ff110000 - 0x00007ff9ff139000 	C:\WINDOWS\SYSTEM32\profapi.dll
0x00007ff9e4350000 - 0x00007ff9e4363000 	C:\Program Files\Java\jdk-20\bin\net.dll
0x00007ff9f4a40000 - 0x00007ff9f4b5e000 	C:\WINDOWS\SYSTEM32\WINHTTP.dll
0x00007ff9fe500000 - 0x00007ff9fe56b000 	C:\WINDOWS\system32\mswsock.dll
0x00007ff9e2160000 - 0x00007ff9e2176000 	C:\Program Files\Java\jdk-20\bin\nio.dll

dbghelp: loaded successfully - version: 4.0.5 - missing functions: none
symbol engine: initialized successfully - sym options: 0x614 - pdb path: .;C:\Program Files\Java\jdk-20\bin;C:\WINDOWS\SYSTEM32;C:\WINDOWS\WinSxS\amd64_microsoft.windows.common-controls_6595b64144ccf1df_6.0.26100.4768_none_3e0c112ce331287c;C:\Program Files\Java\jdk-20\bin\server

VM Arguments:
jvm_args: -Dapplication.home=C:\Program Files\Java\jdk-20 --add-modules=ALL-DEFAULT -Xms8m -Djdk.module.main=jdk.compiler 
java_command: jdk.compiler/com.sun.tools.javac.Main @C:\Users\calve\AppData\Local\Temp\files16783693293918270967
java_class_path (initial): <not set>
Launcher Type: SUN_STANDARD

[Global flags]
     intx CICompilerCount                          = 4                                         {product} {ergonomic}
     uint ConcGCThreads                            = 3                                         {product} {ergonomic}
     uint G1ConcRefinementThreads                  = 10                                        {product} {ergonomic}
   size_t G1HeapRegionSize                         = 1048576                                   {product} {ergonomic}
    uintx GCDrainStackTargetSize                   = 64                                        {product} {ergonomic}
   size_t InitialHeapSize                          = 8388608                                   {product} {command line}
   size_t MarkStackSize                            = 4194304                                   {product} {ergonomic}
   size_t MaxHeapSize                              = 2055208960                                {product} {ergonomic}
   size_t MaxNewSize                               = 1233125376                                {product} {ergonomic}
   size_t MinHeapDeltaBytes                        = 1048576                                   {product} {ergonomic}
   size_t MinHeapSize                              = 8388608                                   {product} {command line}
    uintx NonNMethodCodeHeapSize                   = 5839372                                {pd product} {ergonomic}
    uintx NonProfiledCodeHeapSize                  = 122909434                              {pd product} {ergonomic}
    uintx ProfiledCodeHeapSize                     = 122909434                              {pd product} {ergonomic}
    uintx ReservedCodeCacheSize                    = 251658240                              {pd product} {ergonomic}
     bool SegmentedCodeCache                       = true                                      {product} {ergonomic}
   size_t SoftMaxHeapSize                          = 2055208960                             {manageable} {ergonomic}
     bool UseCompressedClassPointers               = true                           {product lp64_product} {ergonomic}
     bool UseCompressedOops                        = true                           {product lp64_product} {ergonomic}
     bool UseG1GC                                  = true                                      {product} {ergonomic}
     bool UseLargePagesIndividualAllocation        = false                                  {pd product} {ergonomic}

Logging:
Log output configuration:
 #0: stdout all=warning uptime,level,tags foldmultilines=false
 #1: stderr all=off uptime,level,tags foldmultilines=false

Environment Variables:
PATH=C:\Program Files\Common Files\Oracle\Java\javapath;C:\windows\system32;C:\windows;C:\windows\System32\Wbem;C:\windows\System32\WindowsPowerShell\v1.0\;C:\windows\System32\OpenSSH\;C:\Program Files (x86)\NVIDIA Corporation\PhysX\Common;C:\Program Files\NVIDIA Corporation\NVIDIA NvDLISR;C:\Users\Administrator\AppData\Local\Microsoft\WindowsApps;C:\Program Files\HP\OMEN-Broadcast\Common;C:\Program Files\Git\cmd;C:\Program Files (x86)\Windows Kits\10\Windows Performance Toolkit\;C:\Program Files\HP\HP One Agent;C:\Program Files\nodejs\;%SystemRoot%\system32;%SystemRoot%;%SystemRoot%\System32\Wbem;%SYSTEMROOT%\System32\WindowsPowerShell\v1.0\;%SYSTEMROOT%\System32\OpenSSH\;C:\Users\calve\AppData\Local\Programs\Python\Python311\Scripts\;C:\Users\calve\AppData\Local\Programs\Python\Python311\;C:\Users\calve\AppData\Local\Microsoft\WindowsApps;C:\Users\calve\AppData\Local\Programs\Microsoft VS Code\bin;C:\flutter\bin;C:\Users\calve\AppData\Local\Packages\PythonSoftwareFoundation.Python.3.13_qbz5n2kfra8p0\LocalCache\local-packages\Python313\Scripts;C:\Users\calve\AppData\Roaming\npm;C:\Users\calve\AppData\Local\Pub\Cache\bin;C:\Program Files\Java\jdk-20\bin;
USERNAME=calve
OS=Windows_NT
PROCESSOR_IDENTIFIER=Intel64 Family 6 Model 154 Stepping 3, GenuineIntel
TMP=C:\Users\calve\AppData\Local\Temp
TEMP=C:\Users\calve\AppData\Local\Temp




---------------  S Y S T E M  ---------------

OS:
 Windows 11 , 64 bit Build 26100 (10.0.26100.4768)
OS uptime: 1 days 0:30 hours
Hyper-V role detected

CPU: total 12 (initial active 12) (6 cores per cpu, 2 threads per core) family 6 model 154 stepping 3 microcode 0x434, cx8, cmov, fxsr, ht, mmx, 3dnowpref, sse, sse2, sse3, ssse3, sse4.1, sse4.2, popcnt, lzcnt, tsc, tscinvbit, avx, avx2, aes, erms, clmul, bmi1, bmi2, adx, sha, fma, vzeroupper, clflush, clflushopt, clwb, hv, serialize, rdtscp, rdpid, fsrm, f16c, cet_ibt, cet_ss

Memory: 4k page, system-wide physical 7832M (467M free)
TotalPageFile size 31384M (AvailPageFile size 9M)
current process WorkingSet (physical memory assigned to process): 134M, peak: 134M
current process commit charge ("private bytes"): 173M, peak: 173M

vm_info: Java HotSpot(TM) 64-Bit Server VM (20.0.2+9-78) for windows-amd64 JRE (20.0.2+9-78), built on 2023-06-14T10:08:48Z by "mach5one" with MS VC++ 17.1 (VS2022)

END.
